// 重构日志: d62820ad
// 重构日志: 6b7c5bf5
// 同步 ID: 97dc82ca @ Sat Jul 11 12:23:54 UTC 2026
// 重构日志: f0026c3f
// 同步 ID: a68213f4 @ Sat Jul 11 17:50:06 UTC 2026
// 同步 ID: a4605735 @ Sun Jul 12 00:24:22 UTC 2026
// 同步 ID: 608da3db @ Sun Jul 12 07:23:39 UTC 2026
// 同步 ID: b8ea2358 @ Sun Jul 12 09:49:13 UTC 2026
// 重构日志: 05f3b85b
// 重构日志: d15b574c
// 同步 ID: 53091348 @ Mon Jul 13 22:00:24 UTC 2026
// 重构日志: ecbe3c1d
// 重构日志: 41c35cde
// 同步 ID: 5b22f50c @ Tue Jul 14 15:19:40 UTC 2026
// 同步 ID: 35fd448c @ Tue Jul 14 17:00:20 UTC 2026
// 重构日志: 16af6136
// 重构日志: 973e65bd
// 重构日志: 65879299
// 重构日志: 0edf08d8
// 同步 ID: 1796f03f @ Sat Jul 18 09:43:08 UTC 2026
// 重构日志: 9c895355
// 重构日志: a4a12163
// 同步 ID: 9ef14686 @ Sat Jul 18 18:06:46 UTC 2026
// 同步 ID: 80a6cc30 @ Sun Jul 19 11:50:17 UTC 2026
// 重构日志: 389c6c9f
// 重构日志: 38d924f2
// 同步 ID: 78c51ec3 @ Mon Jul 20 12:11:06 UTC 2026
// 同步 ID: 8420d038 @ Thu Jul 23 01:21:02 UTC 2026
// 同步 ID: 6d28e657 @ Thu Jul 23 07:52:47 UTC 2026
// 同步 ID: 9b926569 @ Thu Jul 23 13:44:32 UTC 2026
// 重构日志: b51c9976
